AventuraTextual/app/build/intermediates/manifest_merge_blame_file/debug/manifest-merger-blame-debug-report.txt
1<?xml version="1.0" encoding="utf-8"?>
2<manifest xmlns:android="http://schemas.android.com/apk/res/android"
3    package="com.example.aventuratextual"
4    android:versionCode="1"
5    android:versionName="1.0" >
6
7    <uses-sdk
8        android:minSdkVersion="21"
8-->src\main\AndroidManifest.xml
9        android:targetSdkVersion="32" />
9-->src\main\AndroidManifest.xml
10
11    <application
11-->src\main\AndroidManifest.xml:5:5-47:19
12        android:allowBackup="true"
12-->src\main\AndroidManifest.xml:6:9-35
13        android:appComponentFactory="androidx.core.app.CoreComponentFactory"
13-->[androidx.core:core:1.8.0] AndroidManifest.xml:24:18-86
14        android:dataExtractionRules="@xml/data_extraction_rules"
14-->src\main\AndroidManifest.xml:7:9-65
15        android:debuggable="true"
16        android:fullBackupContent="@xml/backup_rules"
16-->src\main\AndroidManifest.xml:8:9-54
17        android:icon="@mipmap/ic_launcher"
17-->src\main\AndroidManifest.xml:9:9-43
18        android:label="@string/app_name"
18-->src\main\AndroidManifest.xml:10:9-41
19        android:roundIcon="@mipmap/ic_launcher_round"
19-->src\main\AndroidManifest.xml:11:9-54
20        android:supportsRtl="true"
20-->src\main\AndroidManifest.xml:12:9-35
21        android:testOnly="true"
22        android:theme="@style/Theme.AppCompat.NoActionBar" >
22-->src\main\AndroidManifest.xml:13:9-59
23        <activity
23-->src\main\AndroidManifest.xml:15:9-22:20
24            android:name="com.example.aventuratextual.cementerio"
24-->src\main\AndroidManifest.xml:16:13-39
25            android:exported="false"
25-->src\main\AndroidManifest.xml:17:13-37
26            android:screenOrientation="landscape" >
26-->src\main\AndroidManifest.xml:18:13-50
27>
28            <meta-data
28-->src\main\AndroidManifest.xml:19:13-21:36
29                android:name="android.app.lib_name"
29-->src\main\AndroidManifest.xml:20:17-52
30                android:value="" />
30-->src\main\AndroidManifest.xml:21:17-33
31        </activity>
32        <activity
32-->src\main\AndroidManifest.xml:23:9-37:20
33            android:name="com.example.aventuratextual.Portada"
33-->src\main\AndroidManifest.xml:24:13-36
34            android:configChanges="orientation|keyboardHidden|screenSize"
34-->src\main\AndroidManifest.xml:25:13-74
35            android:exported="true"
35-->src\main\AndroidManifest.xml:26:13-36
36            android:screenOrientation="landscape" >
36-->src\main\AndroidManifest.xml:27:13-50
37            <intent-filter>
37-->src\main\AndroidManifest.xml:28:13-32:29
38                <action android:name="android.intent.action.MAIN" />
38-->src\main\AndroidManifest.xml:29:17-69
38-->src\main\AndroidManifest.xml:29:25-66
39
40                <category android:name="android.intent.category.LAUNCHER" />
40-->src\main\AndroidManifest.xml:31:17-77
40-->src\main\AndroidManifest.xml:31:27-74
41            </intent-filter>
42
43            <meta-data
43-->src\main\AndroidManifest.xml:19:13-21:36
44                android:name="android.app.lib_name"
44-->src\main\AndroidManifest.xml:20:17-52
45                android:value="" />
45-->src\main\AndroidManifest.xml:21:17-33
46        </activity>
47        <activity
47-->src\main\AndroidManifest.xml:38:9-46:20
48            android:name="com.example.aventuratextual.MainActivity"
48-->src\main\AndroidManifest.xml:39:13-41
49            android:configChanges="orientation|keyboardHidden|screenSize"
49-->src\main\AndroidManifest.xml:40:13-74
50            android:exported="false"
50-->src\main\AndroidManifest.xml:41:13-37
51            android:screenOrientation="landscape" >
51-->src\main\AndroidManifest.xml:42:13-50
52            <meta-data
52-->src\main\AndroidManifest.xml:19:13-21:36
53                android:name="android.app.lib_name"
53-->src\main\AndroidManifest.xml:20:17-52
54                android:value="" />
54-->src\main\AndroidManifest.xml:21:17-33
55        </activity>
56
57        <provider
57-->[androidx.emoji2:emoji2:1.2.0] AndroidManifest.xml:24:9-32:20
58            android:name="androidx.startup.InitializationProvider"
58-->[androidx.emoji2:emoji2:1.2.0] AndroidManifest.xml:25:13-67
59            android:authorities="com.example.aventuratextual.androidx-startup"
59-->[androidx.emoji2:emoji2:1.2.0] AndroidManifest.xml:26:13-68
60            android:exported="false" >
60-->[androidx.emoji2:emoji2:1.2.0] AndroidManifest.xml:27:13-37
61            <meta-data
61-->[androidx.emoji2:emoji2:1.2.0] AndroidManifest.xml:29:13-31:52
62                android:name="androidx.emoji2.text.EmojiCompatInitializer"
62-->[androidx.emoji2:emoji2:1.2.0] AndroidManifest.xml:30:17-75
63                android:value="androidx.startup" />
63-->[androidx.emoji2:emoji2:1.2.0] AndroidManifest.xml:31:17-49
64            <meta-data
64-->[androidx.lifecycle:lifecycle-process:2.4.1] AndroidManifest.xml:31:13-33:52
65                android:name="androidx.lifecycle.ProcessLifecycleInitializer"
65-->[androidx.lifecycle:lifecycle-process:2.4.1] AndroidManifest.xml:32:17-78
66                android:value="androidx.startup" />
66-->[androidx.lifecycle:lifecycle-process:2.4.1] AndroidManifest.xml:33:17-49
67        </provider>
68    </application>
69
70</manifest>